c:\users\brandon\source\repos\cameracal\x64\release\cameracal.ipdb
c:\users\brandon\source\repos\cameracal\x64\release\cameracal.iobj
c:\users\brandon\source\repos\cameracal\cameracal\x64\release\vc141.pdb
c:\users\brandon\source\repos\cameracal\cameracal\x64\release\vidcamera.obj
c:\users\brandon\source\repos\cameracal\cameracal\x64\release\to3d.obj
c:\users\brandon\source\repos\cameracal\cameracal\x64\release\store.obj
c:\users\brandon\source\repos\cameracal\cameracal\x64\release\stereo.obj
c:\users\brandon\source\repos\cameracal\cameracal\x64\release\read.obj
c:\users\brandon\source\repos\cameracal\cameracal\x64\release\markergetter.obj
c:\users\brandon\source\repos\cameracal\cameracal\x64\release\main.obj
c:\users\brandon\source\repos\cameracal\cameracal\x64\release\get.obj
c:\users\brandon\source\repos\cameracal\cameracal\x64\release\calibrate.obj
c:\users\brandon\source\repos\cameracal\cameracal\x64\release\plot.obj
c:\users\brandon\source\repos\cameracal\x64\release\cameracal.pdb
c:\users\brandon\source\repos\cameracal\x64\release\cameracal.exe
c:\users\brandon\source\repos\cameracal\cameracal\x64\release\cameracal.tlog\cameracal.write.1u.tlog
c:\users\brandon\source\repos\cameracal\cameracal\x64\release\cameracal.tlog\cl.command.1.tlog
c:\users\brandon\source\repos\cameracal\cameracal\x64\release\cameracal.tlog\cl.read.1.tlog
c:\users\brandon\source\repos\cameracal\cameracal\x64\release\cameracal.tlog\cl.write.1.tlog
c:\users\brandon\source\repos\cameracal\cameracal\x64\release\cameracal.tlog\link.command.1.tlog
c:\users\brandon\source\repos\cameracal\cameracal\x64\release\cameracal.tlog\link.read.1.tlog
c:\users\brandon\source\repos\cameracal\cameracal\x64\release\cameracal.tlog\link.write.1.tlog
