  Source.cpp
Source.obj : error LNK2019: unresolved external symbol "void __cdecl cv::fastFree(void *)" (?fastFree@cv@@YAXPAX@Z) referenced in function "public: __thiscall cv::Mat::~Mat(void)" (??1Mat@cv@@QAE@XZ)
Source.obj : error LNK2019: unresolved external symbol "private: char * __thiscall cv::String::allocate(unsigned int)" (?allocate@String@cv@@AAEPADI@Z) referenced in function "public: __thiscall cv::String::String(class std::basic_string<char,struct std::char_traits<char>,class std::allocator<char> > const &)" (??0String@cv@@QAE@ABV?$basic_string@DU?$char_traits@D@std@@V?$allocator@D@2@@std@@@Z)
Source.obj : error LNK2019: unresolved external symbol "private: void __thiscall cv::String::deallocate(void)" (?deallocate@String@cv@@AAEXXZ) referenced in function "public: __thiscall cv::String::~String(void)" (??1String@cv@@QAE@XZ)
Source.obj : error LNK2019: unresolved external symbol "public: void __thiscall cv::Mat::deallocate(void)" (?deallocate@Mat@cv@@QAEXXZ) referenced in function "public: void __thiscall cv::Mat::release(void)" (?release@Mat@cv@@QAEXXZ)
Source.obj : error LNK2019: unresolved external symbol "public: void __thiscall cv::Mat::copySize(class cv::Mat const &)" (?copySize@Mat@cv@@QAEXABV12@@Z) referenced in function "public: __thiscall cv::Mat::Mat(class cv::Mat const &)" (??0Mat@cv@@QAE@ABV01@@Z)
Source.obj : error LNK2019: unresolved external symbol "bool __cdecl cv::imwrite(class cv::String const &,class cv::debug_build_guard::_InputArray const &,class std::vector<int,class std::allocator<int> > const &)" (?imwrite@cv@@YA_NABVString@1@ABV_InputArray@debug_build_guard@1@ABV?$vector@HV?$allocator@H@std@@@std@@@Z) referenced in function _main
Source.obj : error LNK2019: unresolved external symbol "public: __thiscall cv::VideoCapture::VideoCapture(void)" (??0VideoCapture@cv@@QAE@XZ) referenced in function "public: static void __cdecl std::_Default_allocator_traits<class std::allocator<class cv::VideoCapture> >::construct<class cv::VideoCapture>(class std::allocator<class cv::VideoCapture> &,class cv::VideoCapture * const)" (??$construct@VVideoCapture@cv@@$$V@?$_Default_allocator_traits@V?$allocator@VVideoCapture@cv@@@std@@@std@@SAXAAV?$allocator@VVideoCapture@cv@@@1@QAVVideoCapture@cv@@@Z)
Source.obj : error LNK2019: unresolved external symbol "public: virtual __thiscall cv::VideoCapture::~VideoCapture(void)" (??1VideoCapture@cv@@UAE@XZ) referenced in function "public: virtual void * __thiscall cv::VideoCapture::`scalar deleting destructor'(unsigned int)" (??_GVideoCapture@cv@@UAEPAXI@Z)
Source.obj : error LNK2001: unresolved external symbol "public: virtual bool __thiscall cv::VideoCapture::open(class cv::String const &)" (?open@VideoCapture@cv@@UAE_NABVString@2@@Z)
Source.obj : error LNK2001: unresolved external symbol "public: virtual bool __thiscall cv::VideoCapture::open(int)" (?open@VideoCapture@cv@@UAE_NH@Z)
Source.obj : error LNK2001: unresolved external symbol "public: virtual bool __thiscall cv::VideoCapture::isOpened(void)const " (?isOpened@VideoCapture@cv@@UBE_NXZ)
Source.obj : error LNK2001: unresolved external symbol "public: virtual void __thiscall cv::VideoCapture::release(void)" (?release@VideoCapture@cv@@UAEXXZ)
Source.obj : error LNK2001: unresolved external symbol "public: virtual bool __thiscall cv::VideoCapture::grab(void)" (?grab@VideoCapture@cv@@UAE_NXZ)
Source.obj : error LNK2001: unresolved external symbol "public: virtual bool __thiscall cv::VideoCapture::retrieve(class cv::debug_build_guard::_OutputArray const &,int)" (?retrieve@VideoCapture@cv@@UAE_NABV_OutputArray@debug_build_guard@2@H@Z)
Source.obj : error LNK2001: unresolved external symbol "public: virtual class cv::VideoCapture & __thiscall cv::VideoCapture::operator>>(class cv::Mat &)" (??5VideoCapture@cv@@UAEAAV01@AAVMat@1@@Z)
Source.obj : error LNK2001: unresolved external symbol "public: virtual class cv::VideoCapture & __thiscall cv::VideoCapture::operator>>(class cv::UMat &)" (??5VideoCapture@cv@@UAEAAV01@AAVUMat@1@@Z)
Source.obj : error LNK2001: unresolved external symbol "public: virtual bool __thiscall cv::VideoCapture::read(class cv::debug_build_guard::_OutputArray const &)" (?read@VideoCapture@cv@@UAE_NABV_OutputArray@debug_build_guard@2@@Z)
Source.obj : error LNK2001: unresolved external symbol "public: virtual bool __thiscall cv::VideoCapture::set(int,double)" (?set@VideoCapture@cv@@UAE_NHN@Z)
Source.obj : error LNK2001: unresolved external symbol "public: virtual double __thiscall cv::VideoCapture::get(int)const " (?get@VideoCapture@cv@@UBENH@Z)
Source.obj : error LNK2001: unresolved external symbol "public: virtual bool __thiscall cv::VideoCapture::open(class cv::String const &,int)" (?open@VideoCapture@cv@@UAE_NABVString@2@H@Z)
C:\opencv\build\x64\vc14\lib\opencv_world331.lib : warning LNK4272: library machine type 'x64' conflicts with target machine type 'x86'
C:\opencv\build\x64\vc14\lib\opencv_world331d.lib : warning LNK4272: library machine type 'x64' conflicts with target machine type 'x86'
C:\Anaconda\pkgs\python-2.7.14-h8c3f1cb_23\libs\python27.lib : warning LNK4272: library machine type 'x64' conflicts with target machine type 'x86'
C:\Users\Brandon\source\repos\Record\Debug\Record.exe : fatal error LNK1120: 20 unresolved externals
